[35m[Appium][39m Welcome to Appium v1.19.0
[35m[Appium][39m Non-default server args:
[35m[Appium][39m   port: 64371
[35m[Appium][39m   loglevel: info
[35m[Appium][39m   tmpDir: C:\Users\BRI\AppData\Local\Temp\\Katalon\Appium\Temp1607353738963
[35m[Appium][39m   chromedriverPort: 64372
[35m[Appium][39m Deprecated server args:
[35m[Appium][39m   [31m--chromedriver-port[39m => --default-capabilities
[35m[Appium][39m Default capabilities, which will be added to each request unless overridden by desired capabilities:
[35m[Appium][39m   chromedriverPort: 64372
[35m[Appium][39m Appium REST http interface listener started on 0.0.0.0:64371
[35m[HTTP][39m [37m-->[39m [37mGET[39m [37m/wd/hub/status[39m
[35m[HTTP][39m [90m{}[39m
[35m[HTTP][39m [37m<-- GET /wd/hub/status [39m[32m200[39m [90m25 ms - 68[39m
[35m[HTTP][39m [90m[39m
[35m[HTTP][39m [37m-->[39m [37mGET[39m [37m/wd/hub/status[39m
[35m[HTTP][39m [90m{}[39m
[35m[HTTP][39m [37m<-- GET /wd/hub/status [39m[32m200[39m [90m7 ms - 68[39m
[35m[HTTP][39m [90m[39m
[35m[HTTP][39m [37m-->[39m [37mPOST[39m [37m/wd/hub/session[39m
[35m[HTTP][39m [90m{"desiredCapabilities":{"app":"C:\\Users\\BRI\\Downloads\\Compressed\\FINALPROJECTS-201016-121328\\FINAL PROJECTS\\MOBILE\\app-debug.apk","noReset":true,"deviceName":"emulator-5556 (Android SDK built for x86 - Android 8.1.0)","fullReset":false,"platform":"ANDROID","newCommandTimeout":1800,"platformVersion":"8.1.0","automationName":"uiautomator2","autoGrantPermissions":true,"platformName":"Android","udid":"emulator-5556","systemPort":64398},"capabilities":{"firstMatch":[{"appium:app":"C:\\Users\\BRI\\Downloads\\Compressed\\FINALPROJECTS-201016-121328\\FINAL PROJECTS\\MOBILE\\app-debug.apk","appium:autoGrantPermissions":true,"appium:automationName":"uiautomator2","appium:deviceName":"emulator-5556 (Android SDK built for x86 - Android 8.1.0)","appium:fullReset":false,"appium:newCommandTimeout":1800,"appium:noReset":true,"platform":"ANDROID","platformName":"android","appium:platformVersion":"8.1.0","appium:systemPort":64398,"appium:udid":"emulator-5556"}]}}[39m
[35m[BaseDriver][39m The following capabilities are not standard capabilities and should have an extension prefix:
[35m[BaseDriver][39m   platform
[35m[BaseDriver][39m   chromedriverPort
[35m[Appium][39m Appium v1.19.0 creating new AndroidUiautomator2Driver (v1.59.0) session
[35m[BaseDriver][39m The following capabilities were provided, but are not recognized by Appium:
[35m[BaseDriver][39m   platform
[35m[BaseDriver][39m Session created with session id: dfb7f76c-5523-448e-a25f-cbcdda38dc22
[35m[BaseDriver][39m Using local app 'C:\Users\BRI\Downloads\Compressed\FINALPROJECTS-201016-121328\FINAL PROJECTS\MOBILE\app-debug.apk'
[35m[ADB][39m Found 1 'build-tools' folders under 'C:\Users\BRI\.katalon\tools\android_sdk' (newest first):
[35m[ADB][39m     C:/Users/BRI/.katalon/tools/android_sdk/build-tools/29.0.3
[35m[ADB][39m Using 'adb.exe' from 'C:\Users\BRI\.katalon\tools\android_sdk\platform-tools\adb.exe'
[35m[AndroidDriver][39m Retrieving device list
[35m[AndroidDriver][39m Using device: emulator-5556
[35m[ADB][39m Using 'adb.exe' from 'C:\Users\BRI\.katalon\tools\android_sdk\platform-tools\adb.exe'
[35m[ADB][39m Package name: 'com.example.mikebanks.bankscorpfinancial'
[35m[ADB][39m Main activity name: 'com.example.mikebanks.bankscorpfinancial.LaunchActivity'
[35m[ADB][39m Using 'apksigner.jar' from 'C:\Users\BRI\.katalon\tools\android_sdk\build-tools\29.0.3\lib\apksigner.jar'
[35m[ADB][39m 'C:\Users\BRI\AppData\Roaming\npm\node_modules\appium\node_modules\appium-uiautomator2-server\apks\appium-uiautomator2-server-v4.15.0.apk' is signed with the default certificate
[35m[ADB][39m 'C:\Users\BRI\AppData\Roaming\npm\node_modules\appium\node_modules\appium-uiautomator2-server\apks\appium-uiautomator2-server-debug-androidTest.apk' is signed with the default certificate
[35m[UiAutomator2][39m Server packages are not going to be (re)installed
[35m[ADB][39m 'C:\Users\BRI\Downloads\Compressed\FINALPROJECTS-201016-121328\FINAL PROJECTS\MOBILE\app-debug.apk' is signed with a non-default certificate
[35m[UiAutomator2][39m Starting UIAutomator2 server 4.15.0
[35m[UiAutomator2][39m Using UIAutomator2 server from 'C:\Users\BRI\AppData\Roaming\npm\node_modules\appium\node_modules\appium-uiautomator2-server\apks\appium-uiautomator2-server-v4.15.0.apk' and test from 'C:\Users\BRI\AppData\Roaming\npm\node_modules\appium\node_modules\appium-uiautomator2-server\apks\appium-uiautomator2-server-debug-androidTest.apk'
[35m[UiAutomator2][39m Waiting up to 30000ms for UiAutomator2 to be online...
[35m[WD Proxy][39m socket hang up
[35m[WD Proxy][39m socket hang up
[35m[WD Proxy][39m socket hang up
[35m[WD Proxy][39m socket hang up
[35m[WD Proxy][39m Determined the downstream protocol as 'W3C'
[35m[AndroidDriver][39m Screen already unlocked, doing nothing
[35m[UiAutomator2][39m Starting 'com.example.mikebanks.bankscorpfinancial/com.example.mikebanks.bankscorpfinancial.LaunchActivity and waiting for 'com.example.mikebanks.bankscorpfinancial/com.example.mikebanks.bankscorpfinancial.LaunchActivity'
[35m[Appium][39m New AndroidUiautomator2Driver session created successfully, session dfb7f76c-5523-448e-a25f-cbcdda38dc22 added to master session list
[35m[HTTP][39m [37m<-- POST /wd/hub/session [39m[32m200[39m [90m18310 ms - 1442[39m
[35m[HTTP][39m [90m[39m
[35m[HTTP][39m [37m-->[39m [37mGET[39m [37m/wd/hub/session/dfb7f76c-5523-448e-a25f-cbcdda38dc22[39m
[35m[HTTP][39m [90m{}[39m
[35m[HTTP][39m [37m<-- GET /wd/hub/session/dfb7f76c-5523-448e-a25f-cbcdda38dc22 [39m[32m200[39m [90m35 ms - 1396[39m
[35m[HTTP][39m [90m[39m
[35m[HTTP][39m [37m-->[39m [37mGET[39m [37m/wd/hub/session/dfb7f76c-5523-448e-a25f-cbcdda38dc22[39m
[35m[HTTP][39m [90m{}[39m
[35m[HTTP][39m [37m<-- GET /wd/hub/session/dfb7f76c-5523-448e-a25f-cbcdda38dc22 [39m[32m200[39m [90m34 ms - 1396[39m
[35m[HTTP][39m [90m[39m
[35m[HTTP][39m [37m-->[39m [37mGET[39m [37m/wd/hub/status[39m
[35m[HTTP][39m [90m{}[39m
[35m[HTTP][39m [37m<-- GET /wd/hub/status [39m[32m200[39m [90m3 ms - 68[39m
[35m[HTTP][39m [90m[39m
[35m[HTTP][39m [37m-->[39m [37mPOST[39m [37m/wd/hub/session/dfb7f76c-5523-448e-a25f-cbcdda38dc22/timeouts[39m
[35m[HTTP][39m [90m{"implicit":60000}[39m
[35m[HTTP][39m [37m<-- POST /wd/hub/session/dfb7f76c-5523-448e-a25f-cbcdda38dc22/timeouts [39m[32m200[39m [90m8 ms - 14[39m
[35m[HTTP][39m [90m[39m
[35m[HTTP][39m [37m-->[39m [37mGET[39m [37m/wd/hub/session/dfb7f76c-5523-448e-a25f-cbcdda38dc22/source[39m
[35m[HTTP][39m [90m{}[39m
[35m[W3C (dfb7f76c)][39m Driver proxy active, passing request on via HTTP proxy
[35m[WD Proxy][39m Replacing sessionId 15f4f4d2-7410-4428-9409-cf4fc33a2a50 with dfb7f76c-5523-448e-a25f-cbcdda38dc22
[35m[HTTP][39m [37m<-- GET /wd/hub/session/dfb7f76c-5523-448e-a25f-cbcdda38dc22/source [39m[32m200[39m [90m428 ms - 10635[39m
[35m[HTTP][39m [90m[39m
[35m[HTTP][39m [37m-->[39m [37mGET[39m [37m/wd/hub/session/dfb7f76c-5523-448e-a25f-cbcdda38dc22/screenshot[39m
[35m[HTTP][39m [90m{}[39m
[35m[HTTP][39m [37m<-- GET /wd/hub/session/dfb7f76c-5523-448e-a25f-cbcdda38dc22/screenshot [39m[32m200[39m [90m1843 ms - 158566[39m
[35m[HTTP][39m [90m[39m
[35m[HTTP][39m [37m-->[39m [37mPOST[39m [37m/wd/hub/session/dfb7f76c-5523-448e-a25f-cbcdda38dc22/elements[39m
[35m[HTTP][39m [90m{"using":"id","value":"com.example.mikebanks.bankscorpfinancial:id/edt_username"}[39m
[35m[HTTP][39m [37m<-- POST /wd/hub/session/dfb7f76c-5523-448e-a25f-cbcdda38dc22/elements [39m[32m200[39m [90m147 ms - 139[39m
[35m[HTTP][39m [90m[39m
[35m[HTTP][39m [37m-->[39m [37mGET[39m [37m/wd/hub/session/dfb7f76c-5523-448e-a25f-cbcdda38dc22/window/rect[39m
[35m[HTTP][39m [90m{}[39m
[35m[HTTP][39m [37m<-- GET /wd/hub/session/dfb7f76c-5523-448e-a25f-cbcdda38dc22/window/rect [39m[32m200[39m [90m50 ms - 50[39m
[35m[HTTP][39m [90m[39m
[35m[HTTP][39m [37m-->[39m [37mPOST[39m [37m/wd/hub/session/dfb7f76c-5523-448e-a25f-cbcdda38dc22/elements[39m
[35m[HTTP][39m [90m{"using":"id","value":"com.example.mikebanks.bankscorpfinancial:id/edt_username"}[39m
[35m[HTTP][39m [37m<-- POST /wd/hub/session/dfb7f76c-5523-448e-a25f-cbcdda38dc22/elements [39m[32m200[39m [90m67 ms - 139[39m
[35m[HTTP][39m [90m[39m
[35m[HTTP][39m [37m-->[39m [37mGET[39m [37m/wd/hub/session/dfb7f76c-5523-448e-a25f-cbcdda38dc22/element/003fdec8-3165-49bd-87bc-af47c9f0f6cc/location[39m
[35m[HTTP][39m [90m{}[39m
[35m[W3C (dfb7f76c)][39m Driver proxy active, passing request on via HTTP proxy
[35m[WD Proxy][39m Replacing sessionId 15f4f4d2-7410-4428-9409-cf4fc33a2a50 with dfb7f76c-5523-448e-a25f-cbcdda38dc22
[35m[HTTP][39m [37m<-- GET /wd/hub/session/dfb7f76c-5523-448e-a25f-cbcdda38dc22/element/003fdec8-3165-49bd-87bc-af47c9f0f6cc/location [39m[32m200[39m [90m36 ms - 78[39m
[35m[HTTP][39m [90m[39m
[35m[HTTP][39m [37m-->[39m [37mPOST[39m [37m/wd/hub/session/dfb7f76c-5523-448e-a25f-cbcdda38dc22/element/003fdec8-3165-49bd-87bc-af47c9f0f6cc/clear[39m
[35m[HTTP][39m [90m{"id":"003fdec8-3165-49bd-87bc-af47c9f0f6cc"}[39m
[35m[HTTP][39m [37m<-- POST /wd/hub/session/dfb7f76c-5523-448e-a25f-cbcdda38dc22/element/003fdec8-3165-49bd-87bc-af47c9f0f6cc/clear [39m[32m200[39m [90m51 ms - 14[39m
[35m[HTTP][39m [90m[39m
[35m[HTTP][39m [37m-->[39m [37mPOST[39m [37m/wd/hub/session/dfb7f76c-5523-448e-a25f-cbcdda38dc22/element/003fdec8-3165-49bd-87bc-af47c9f0f6cc/value[39m
[35m[HTTP][39m [90m{"id":"003fdec8-3165-49bd-87bc-af47c9f0f6cc","text":"adeeetya","value":["a","d","e","e","e","t","y","a"]}[39m
[35m[HTTP][39m [37m<-- POST /wd/hub/session/dfb7f76c-5523-448e-a25f-cbcdda38dc22/element/003fdec8-3165-49bd-87bc-af47c9f0f6cc/value [39m[32m200[39m [90m1277 ms - 14[39m
[35m[HTTP][39m [90m[39m
[35m[HTTP][39m [37m-->[39m [37mGET[39m [37m/wd/hub/session/dfb7f76c-5523-448e-a25f-cbcdda38dc22/source[39m
[35m[HTTP][39m [90m{}[39m
[35m[W3C (dfb7f76c)][39m Driver proxy active, passing request on via HTTP proxy
[35m[WD Proxy][39m Replacing sessionId 15f4f4d2-7410-4428-9409-cf4fc33a2a50 with dfb7f76c-5523-448e-a25f-cbcdda38dc22
[35m[HTTP][39m [37m<-- GET /wd/hub/session/dfb7f76c-5523-448e-a25f-cbcdda38dc22/source [39m[32m200[39m [90m254 ms - 10635[39m
[35m[HTTP][39m [90m[39m
[35m[HTTP][39m [37m-->[39m [37mGET[39m [37m/wd/hub/session/dfb7f76c-5523-448e-a25f-cbcdda38dc22/screenshot[39m
[35m[HTTP][39m [90m{}[39m
[35m[HTTP][39m [37m<-- GET /wd/hub/session/dfb7f76c-5523-448e-a25f-cbcdda38dc22/screenshot [39m[32m200[39m [90m2238 ms - 156612[39m
[35m[HTTP][39m [90m[39m
[35m[HTTP][39m [37m-->[39m [37mPOST[39m [37m/wd/hub/session/dfb7f76c-5523-448e-a25f-cbcdda38dc22/elements[39m
[35m[HTTP][39m [90m{"using":"id","value":"com.example.mikebanks.bankscorpfinancial:id/edt_password"}[39m
[35m[HTTP][39m [37m<-- POST /wd/hub/session/dfb7f76c-5523-448e-a25f-cbcdda38dc22/elements [39m[32m200[39m [90m60 ms - 139[39m
[35m[HTTP][39m [90m[39m
[35m[HTTP][39m [37m-->[39m [37mGET[39m [37m/wd/hub/session/dfb7f76c-5523-448e-a25f-cbcdda38dc22/window/rect[39m
[35m[HTTP][39m [90m{}[39m
[35m[HTTP][39m [37m<-- GET /wd/hub/session/dfb7f76c-5523-448e-a25f-cbcdda38dc22/window/rect [39m[32m200[39m [90m38 ms - 50[39m
[35m[HTTP][39m [90m[39m
[35m[HTTP][39m [37m-->[39m [37mPOST[39m [37m/wd/hub/session/dfb7f76c-5523-448e-a25f-cbcdda38dc22/elements[39m
[35m[HTTP][39m [90m{"using":"id","value":"com.example.mikebanks.bankscorpfinancial:id/edt_password"}[39m
[35m[HTTP][39m [37m<-- POST /wd/hub/session/dfb7f76c-5523-448e-a25f-cbcdda38dc22/elements [39m[32m200[39m [90m63 ms - 139[39m
[35m[HTTP][39m [90m[39m
[35m[HTTP][39m [37m-->[39m [37mGET[39m [37m/wd/hub/session/dfb7f76c-5523-448e-a25f-cbcdda38dc22/element/8dc9ef34-07a4-4b90-8499-b0a7b9728de3/location[39m
[35m[HTTP][39m [90m{}[39m
[35m[W3C (dfb7f76c)][39m Driver proxy active, passing request on via HTTP proxy
[35m[WD Proxy][39m Replacing sessionId 15f4f4d2-7410-4428-9409-cf4fc33a2a50 with dfb7f76c-5523-448e-a25f-cbcdda38dc22
[35m[HTTP][39m [37m<-- GET /wd/hub/session/dfb7f76c-5523-448e-a25f-cbcdda38dc22/element/8dc9ef34-07a4-4b90-8499-b0a7b9728de3/location [39m[32m200[39m [90m32 ms - 78[39m
[35m[HTTP][39m [90m[39m
[35m[HTTP][39m [37m-->[39m [37mPOST[39m [37m/wd/hub/session/dfb7f76c-5523-448e-a25f-cbcdda38dc22/element/8dc9ef34-07a4-4b90-8499-b0a7b9728de3/clear[39m
[35m[HTTP][39m [90m{"id":"8dc9ef34-07a4-4b90-8499-b0a7b9728de3"}[39m
[35m[HTTP][39m [37m<-- POST /wd/hub/session/dfb7f76c-5523-448e-a25f-cbcdda38dc22/element/8dc9ef34-07a4-4b90-8499-b0a7b9728de3/clear [39m[32m200[39m [90m39 ms - 14[39m
[35m[HTTP][39m [90m[39m
[35m[HTTP][39m [37m-->[39m [37mPOST[39m [37m/wd/hub/session/dfb7f76c-5523-448e-a25f-cbcdda38dc22/element/8dc9ef34-07a4-4b90-8499-b0a7b9728de3/value[39m
[35m[HTTP][39m [90m{"id":"8dc9ef34-07a4-4b90-8499-b0a7b9728de3","text":"password","value":["p","a","s","s","w","o","r","d"]}[39m
[35m[HTTP][39m [37m<-- POST /wd/hub/session/dfb7f76c-5523-448e-a25f-cbcdda38dc22/element/8dc9ef34-07a4-4b90-8499-b0a7b9728de3/value [39m[32m200[39m [90m1112 ms - 14[39m
[35m[HTTP][39m [90m[39m
[35m[HTTP][39m [37m-->[39m [37mGET[39m [37m/wd/hub/session/dfb7f76c-5523-448e-a25f-cbcdda38dc22/source[39m
[35m[HTTP][39m [90m{}[39m
[35m[W3C (dfb7f76c)][39m Driver proxy active, passing request on via HTTP proxy
[35m[WD Proxy][39m Replacing sessionId 15f4f4d2-7410-4428-9409-cf4fc33a2a50 with dfb7f76c-5523-448e-a25f-cbcdda38dc22
[35m[HTTP][39m [37m<-- GET /wd/hub/session/dfb7f76c-5523-448e-a25f-cbcdda38dc22/source [39m[32m200[39m [90m504 ms - 10651[39m
[35m[HTTP][39m [90m[39m
[35m[HTTP][39m [37m-->[39m [37mGET[39m [37m/wd/hub/session/dfb7f76c-5523-448e-a25f-cbcdda38dc22/screenshot[39m
[35m[HTTP][39m [90m{}[39m
[35m[HTTP][39m [37m<-- GET /wd/hub/session/dfb7f76c-5523-448e-a25f-cbcdda38dc22/screenshot [39m[32m200[39m [90m1942 ms - 148608[39m
[35m[HTTP][39m [90m[39m
[35m[HTTP][39m [37m-->[39m [37mPOST[39m [37m/wd/hub/session/dfb7f76c-5523-448e-a25f-cbcdda38dc22/elements[39m
[35m[HTTP][39m [90m{"using":"id","value":"com.example.mikebanks.bankscorpfinancial:id/btn_login"}[39m
[35m[HTTP][39m [37m<-- POST /wd/hub/session/dfb7f76c-5523-448e-a25f-cbcdda38dc22/elements [39m[32m200[39m [90m49 ms - 139[39m
[35m[HTTP][39m [90m[39m
[35m[HTTP][39m [37m-->[39m [37mGET[39m [37m/wd/hub/session/dfb7f76c-5523-448e-a25f-cbcdda38dc22/window/rect[39m
[35m[HTTP][39m [90m{}[39m
[35m[HTTP][39m [37m<-- GET /wd/hub/session/dfb7f76c-5523-448e-a25f-cbcdda38dc22/window/rect [39m[32m200[39m [90m20 ms - 50[39m
[35m[HTTP][39m [90m[39m
[35m[HTTP][39m [37m-->[39m [37mPOST[39m [37m/wd/hub/session/dfb7f76c-5523-448e-a25f-cbcdda38dc22/elements[39m
[35m[HTTP][39m [90m{"using":"id","value":"com.example.mikebanks.bankscorpfinancial:id/btn_login"}[39m
[35m[HTTP][39m [37m<-- POST /wd/hub/session/dfb7f76c-5523-448e-a25f-cbcdda38dc22/elements [39m[32m200[39m [90m39 ms - 139[39m
[35m[HTTP][39m [90m[39m
[35m[HTTP][39m [37m-->[39m [37mGET[39m [37m/wd/hub/session/dfb7f76c-5523-448e-a25f-cbcdda38dc22/element/3ee460e9-c8f8-445d-95ad-76f70daa27e5/location[39m
[35m[HTTP][39m [90m{}[39m
[35m[W3C (dfb7f76c)][39m Driver proxy active, passing request on via HTTP proxy
[35m[WD Proxy][39m Replacing sessionId 15f4f4d2-7410-4428-9409-cf4fc33a2a50 with dfb7f76c-5523-448e-a25f-cbcdda38dc22
[35m[HTTP][39m [37m<-- GET /wd/hub/session/dfb7f76c-5523-448e-a25f-cbcdda38dc22/element/3ee460e9-c8f8-445d-95ad-76f70daa27e5/location [39m[32m200[39m [90m28 ms - 78[39m
[35m[HTTP][39m [90m[39m
[35m[HTTP][39m [37m-->[39m [37mPOST[39m [37m/wd/hub/session/dfb7f76c-5523-448e-a25f-cbcdda38dc22/touch/perform[39m
[35m[HTTP][39m [90m{"actions":[{"action":"tap","options":{"x":1,"y":1,"element":"3ee460e9-c8f8-445d-95ad-76f70daa27e5"}}]}[39m
[35m[UiAutomator2][39m calling get location: 3ee460e9-c8f8-445d-95ad-76f70daa27e5
[35m[HTTP][39m [37m<-- POST /wd/hub/session/dfb7f76c-5523-448e-a25f-cbcdda38dc22/touch/perform [39m[32m200[39m [90m262 ms - 14[39m
[35m[HTTP][39m [90m[39m
[35m[HTTP][39m [37m-->[39m [37mGET[39m [37m/wd/hub/session/dfb7f76c-5523-448e-a25f-cbcdda38dc22/source[39m
[35m[HTTP][39m [90m{}[39m
[35m[W3C (dfb7f76c)][39m Driver proxy active, passing request on via HTTP proxy
[35m[WD Proxy][39m Replacing sessionId 15f4f4d2-7410-4428-9409-cf4fc33a2a50 with dfb7f76c-5523-448e-a25f-cbcdda38dc22
[35m[HTTP][39m [37m<-- GET /wd/hub/session/dfb7f76c-5523-448e-a25f-cbcdda38dc22/source [39m[32m200[39m [90m588 ms - 10651[39m
[35m[HTTP][39m [90m[39m
[35m[HTTP][39m [37m-->[39m [37mGET[39m [37m/wd/hub/session/dfb7f76c-5523-448e-a25f-cbcdda38dc22/screenshot[39m
[35m[HTTP][39m [90m{}[39m
[35m[HTTP][39m [37m<-- GET /wd/hub/session/dfb7f76c-5523-448e-a25f-cbcdda38dc22/screenshot [39m[32m200[39m [90m1575 ms - 220588[39m
[35m[HTTP][39m [90m[39m
[35m[HTTP][39m [37m-->[39m [37mGET[39m [37m/wd/hub/session/dfb7f76c-5523-448e-a25f-cbcdda38dc22/source[39m
[35m[HTTP][39m [90m{}[39m
[35m[W3C (dfb7f76c)][39m Driver proxy active, passing request on via HTTP proxy
[35m[WD Proxy][39m Replacing sessionId 15f4f4d2-7410-4428-9409-cf4fc33a2a50 with dfb7f76c-5523-448e-a25f-cbcdda38dc22
[35m[HTTP][39m [37m<-- GET /wd/hub/session/dfb7f76c-5523-448e-a25f-cbcdda38dc22/source [39m[32m200[39m [90m376 ms - 10785[39m
[35m[HTTP][39m [90m[39m
[35m[HTTP][39m [37m-->[39m [37mGET[39m [37m/wd/hub/session/dfb7f76c-5523-448e-a25f-cbcdda38dc22/screenshot[39m
[35m[HTTP][39m [90m{}[39m
[35m[HTTP][39m [37m<-- GET /wd/hub/session/dfb7f76c-5523-448e-a25f-cbcdda38dc22/screenshot [39m[32m200[39m [90m2096 ms - 221996[39m
[35m[HTTP][39m [90m[39m
[35m[HTTP][39m [37m-->[39m [37mPOST[39m [37m/wd/hub/session/dfb7f76c-5523-448e-a25f-cbcdda38dc22/elements[39m
[35m[HTTP][39m [90m{"using":"id","value":"com.example.mikebanks.bankscorpfinancial:id/btn_add_account"}[39m
[35m[HTTP][39m [37m<-- POST /wd/hub/session/dfb7f76c-5523-448e-a25f-cbcdda38dc22/elements [39m[32m200[39m [90m67 ms - 139[39m
[35m[HTTP][39m [90m[39m
[35m[HTTP][39m [37m-->[39m [37mGET[39m [37m/wd/hub/session/dfb7f76c-5523-448e-a25f-cbcdda38dc22/window/rect[39m
[35m[HTTP][39m [90m{}[39m
[35m[HTTP][39m [37m<-- GET /wd/hub/session/dfb7f76c-5523-448e-a25f-cbcdda38dc22/window/rect [39m[32m200[39m [90m26 ms - 50[39m
[35m[HTTP][39m [90m[39m
[35m[HTTP][39m [37m-->[39m [37mPOST[39m [37m/wd/hub/session/dfb7f76c-5523-448e-a25f-cbcdda38dc22/elements[39m
[35m[HTTP][39m [90m{"using":"id","value":"com.example.mikebanks.bankscorpfinancial:id/btn_add_account"}[39m
[35m[HTTP][39m [37m<-- POST /wd/hub/session/dfb7f76c-5523-448e-a25f-cbcdda38dc22/elements [39m[32m200[39m [90m40 ms - 139[39m
[35m[HTTP][39m [90m[39m
[35m[HTTP][39m [37m-->[39m [37mGET[39m [37m/wd/hub/session/dfb7f76c-5523-448e-a25f-cbcdda38dc22/element/7245c192-7830-4b3e-961d-bcb0b5b4a5ac/location[39m
[35m[HTTP][39m [90m{}[39m
[35m[W3C (dfb7f76c)][39m Driver proxy active, passing request on via HTTP proxy
[35m[WD Proxy][39m Replacing sessionId 15f4f4d2-7410-4428-9409-cf4fc33a2a50 with dfb7f76c-5523-448e-a25f-cbcdda38dc22
[35m[HTTP][39m [37m<-- GET /wd/hub/session/dfb7f76c-5523-448e-a25f-cbcdda38dc22/element/7245c192-7830-4b3e-961d-bcb0b5b4a5ac/location [39m[32m200[39m [90m25 ms - 79[39m
[35m[HTTP][39m [90m[39m
[35m[HTTP][39m [37m-->[39m [37mPOST[39m [37m/wd/hub/session/dfb7f76c-5523-448e-a25f-cbcdda38dc22/touch/perform[39m
[35m[HTTP][39m [90m{"actions":[{"action":"tap","options":{"x":1,"y":1,"element":"7245c192-7830-4b3e-961d-bcb0b5b4a5ac"}}]}[39m
[35m[UiAutomator2][39m calling get location: 7245c192-7830-4b3e-961d-bcb0b5b4a5ac
[35m[HTTP][39m [37m<-- POST /wd/hub/session/dfb7f76c-5523-448e-a25f-cbcdda38dc22/touch/perform [39m[32m200[39m [90m203 ms - 14[39m
[35m[HTTP][39m [90m[39m
[35m[HTTP][39m [37m-->[39m [37mGET[39m [37m/wd/hub/session/dfb7f76c-5523-448e-a25f-cbcdda38dc22/source[39m
[35m[HTTP][39m [90m{}[39m
[35m[W3C (dfb7f76c)][39m Driver proxy active, passing request on via HTTP proxy
[35m[WD Proxy][39m Replacing sessionId 15f4f4d2-7410-4428-9409-cf4fc33a2a50 with dfb7f76c-5523-448e-a25f-cbcdda38dc22
[35m[HTTP][39m [37m<-- GET /wd/hub/session/dfb7f76c-5523-448e-a25f-cbcdda38dc22/source [39m[32m200[39m [90m786 ms - 4393[39m
[35m[HTTP][39m [90m[39m
[35m[HTTP][39m [37m-->[39m [37mGET[39m [37m/wd/hub/session/dfb7f76c-5523-448e-a25f-cbcdda38dc22/screenshot[39m
[35m[HTTP][39m [90m{}[39m
[35m[HTTP][39m [37m<-- GET /wd/hub/session/dfb7f76c-5523-448e-a25f-cbcdda38dc22/screenshot [39m[32m200[39m [90m915 ms - 172520[39m
[35m[HTTP][39m [90m[39m
[35m[HTTP][39m [37m-->[39m [37mPOST[39m [37m/wd/hub/session/dfb7f76c-5523-448e-a25f-cbcdda38dc22/elements[39m
[35m[HTTP][39m [90m{"using":"id","value":"com.example.mikebanks.bankscorpfinancial:id/edt_payee_name"}[39m
[35m[HTTP][39m [37m<-- POST /wd/hub/session/dfb7f76c-5523-448e-a25f-cbcdda38dc22/elements [39m[32m200[39m [90m52 ms - 139[39m
[35m[HTTP][39m [90m[39m
[35m[HTTP][39m [37m-->[39m [37mGET[39m [37m/wd/hub/session/dfb7f76c-5523-448e-a25f-cbcdda38dc22/window/rect[39m
[35m[HTTP][39m [90m{}[39m
[35m[HTTP][39m [37m<-- GET /wd/hub/session/dfb7f76c-5523-448e-a25f-cbcdda38dc22/window/rect [39m[32m200[39m [90m29 ms - 50[39m
[35m[HTTP][39m [90m[39m
[35m[HTTP][39m [37m-->[39m [37mPOST[39m [37m/wd/hub/session/dfb7f76c-5523-448e-a25f-cbcdda38dc22/elements[39m
[35m[HTTP][39m [90m{"using":"id","value":"com.example.mikebanks.bankscorpfinancial:id/edt_payee_name"}[39m
[35m[HTTP][39m [37m<-- POST /wd/hub/session/dfb7f76c-5523-448e-a25f-cbcdda38dc22/elements [39m[32m200[39m [90m36 ms - 139[39m
[35m[HTTP][39m [90m[39m
[35m[HTTP][39m [37m-->[39m [37mGET[39m [37m/wd/hub/session/dfb7f76c-5523-448e-a25f-cbcdda38dc22/element/d8f0e503-b6e3-47e0-bbd1-18b36a562536/location[39m
[35m[HTTP][39m [90m{}[39m
[35m[W3C (dfb7f76c)][39m Driver proxy active, passing request on via HTTP proxy
[35m[WD Proxy][39m Replacing sessionId 15f4f4d2-7410-4428-9409-cf4fc33a2a50 with dfb7f76c-5523-448e-a25f-cbcdda38dc22
[35m[HTTP][39m [37m<-- GET /wd/hub/session/dfb7f76c-5523-448e-a25f-cbcdda38dc22/element/d8f0e503-b6e3-47e0-bbd1-18b36a562536/location [39m[32m200[39m [90m30 ms - 78[39m
[35m[HTTP][39m [90m[39m
[35m[HTTP][39m [37m-->[39m [37mPOST[39m [37m/wd/hub/session/dfb7f76c-5523-448e-a25f-cbcdda38dc22/element/d8f0e503-b6e3-47e0-bbd1-18b36a562536/clear[39m
[35m[HTTP][39m [90m{"id":"d8f0e503-b6e3-47e0-bbd1-18b36a562536"}[39m
[35m[HTTP][39m [37m<-- POST /wd/hub/session/dfb7f76c-5523-448e-a25f-cbcdda38dc22/element/d8f0e503-b6e3-47e0-bbd1-18b36a562536/clear [39m[32m200[39m [90m41 ms - 14[39m
[35m[HTTP][39m [90m[39m
[35m[HTTP][39m [37m-->[39m [37mPOST[39m [37m/wd/hub/session/dfb7f76c-5523-448e-a25f-cbcdda38dc22/element/d8f0e503-b6e3-47e0-bbd1-18b36a562536/value[39m
[35m[HTTP][39m [90m{"id":"d8f0e503-b6e3-47e0-bbd1-18b36a562536","text":"adetyaaa","value":["a","d","e","t","y","a","a","a"]}[39m
[35m[HTTP][39m [37m<-- POST /wd/hub/session/dfb7f76c-5523-448e-a25f-cbcdda38dc22/element/d8f0e503-b6e3-47e0-bbd1-18b36a562536/value [39m[32m200[39m [90m1649 ms - 14[39m
[35m[HTTP][39m [90m[39m
[35m[HTTP][39m [37m-->[39m [37mGET[39m [37m/wd/hub/session/dfb7f76c-5523-448e-a25f-cbcdda38dc22/source[39m
[35m[HTTP][39m [90m{}[39m
[35m[W3C (dfb7f76c)][39m Driver proxy active, passing request on via HTTP proxy
[35m[WD Proxy][39m Replacing sessionId 15f4f4d2-7410-4428-9409-cf4fc33a2a50 with dfb7f76c-5523-448e-a25f-cbcdda38dc22
[35m[HTTP][39m [37m<-- GET /wd/hub/session/dfb7f76c-5523-448e-a25f-cbcdda38dc22/source [39m[32m200[39m [90m126 ms - 4383[39m
[35m[HTTP][39m [90m[39m
[35m[HTTP][39m [37m-->[39m [37mGET[39m [37m/wd/hub/session/dfb7f76c-5523-448e-a25f-cbcdda38dc22/screenshot[39m
[35m[HTTP][39m [90m{}[39m
[35m[HTTP][39m [37m<-- GET /wd/hub/session/dfb7f76c-5523-448e-a25f-cbcdda38dc22/screenshot [39m[32m200[39m [90m1952 ms - 268498[39m
[35m[HTTP][39m [90m[39m
[35m[HTTP][39m [37m-->[39m [37mPOST[39m [37m/wd/hub/session/dfb7f76c-5523-448e-a25f-cbcdda38dc22/elements[39m
[35m[HTTP][39m [90m{"using":"id","value":"com.example.mikebanks.bankscorpfinancial:id/edt_init_bal"}[39m
[35m[HTTP][39m [37m<-- POST /wd/hub/session/dfb7f76c-5523-448e-a25f-cbcdda38dc22/elements [39m[32m200[39m [90m48 ms - 139[39m
[35m[HTTP][39m [90m[39m
[35m[HTTP][39m [37m-->[39m [37mGET[39m [37m/wd/hub/session/dfb7f76c-5523-448e-a25f-cbcdda38dc22/window/rect[39m
[35m[HTTP][39m [90m{}[39m
[35m[HTTP][39m [37m<-- GET /wd/hub/session/dfb7f76c-5523-448e-a25f-cbcdda38dc22/window/rect [39m[32m200[39m [90m79 ms - 50[39m
[35m[HTTP][39m [90m[39m
[35m[HTTP][39m [37m-->[39m [37mPOST[39m [37m/wd/hub/session/dfb7f76c-5523-448e-a25f-cbcdda38dc22/elements[39m
[35m[HTTP][39m [90m{"using":"id","value":"com.example.mikebanks.bankscorpfinancial:id/edt_init_bal"}[39m
[35m[HTTP][39m [37m<-- POST /wd/hub/session/dfb7f76c-5523-448e-a25f-cbcdda38dc22/elements [39m[32m200[39m [90m78 ms - 139[39m
[35m[HTTP][39m [90m[39m
[35m[HTTP][39m [37m-->[39m [37mGET[39m [37m/wd/hub/session/dfb7f76c-5523-448e-a25f-cbcdda38dc22/element/9a262b42-18bf-4da6-b4e2-ccb0d1f5bb94/location[39m
[35m[HTTP][39m [90m{}[39m
[35m[W3C (dfb7f76c)][39m Driver proxy active, passing request on via HTTP proxy
[35m[WD Proxy][39m Replacing sessionId 15f4f4d2-7410-4428-9409-cf4fc33a2a50 with dfb7f76c-5523-448e-a25f-cbcdda38dc22
[35m[HTTP][39m [37m<-- GET /wd/hub/session/dfb7f76c-5523-448e-a25f-cbcdda38dc22/element/9a262b42-18bf-4da6-b4e2-ccb0d1f5bb94/location [39m[32m200[39m [90m34 ms - 78[39m
[35m[HTTP][39m [90m[39m
[35m[HTTP][39m [37m-->[39m [37mPOST[39m [37m/wd/hub/session/dfb7f76c-5523-448e-a25f-cbcdda38dc22/element/9a262b42-18bf-4da6-b4e2-ccb0d1f5bb94/clear[39m
[35m[HTTP][39m [90m{"id":"9a262b42-18bf-4da6-b4e2-ccb0d1f5bb94"}[39m
[35m[HTTP][39m [37m<-- POST /wd/hub/session/dfb7f76c-5523-448e-a25f-cbcdda38dc22/element/9a262b42-18bf-4da6-b4e2-ccb0d1f5bb94/clear [39m[32m200[39m [90m32 ms - 14[39m
[35m[HTTP][39m [90m[39m
[35m[HTTP][39m [37m-->[39m [37mPOST[39m [37m/wd/hub/session/dfb7f76c-5523-448e-a25f-cbcdda38dc22/element/9a262b42-18bf-4da6-b4e2-ccb0d1f5bb94/value[39m
[35m[HTTP][39m [90m{"id":"9a262b42-18bf-4da6-b4e2-ccb0d1f5bb94","text":"250000","value":["2","5","0","0","0","0"]}[39m
[35m[HTTP][39m [37m<-- POST /wd/hub/session/dfb7f76c-5523-448e-a25f-cbcdda38dc22/element/9a262b42-18bf-4da6-b4e2-ccb0d1f5bb94/value [39m[32m200[39m [90m1089 ms - 14[39m
[35m[HTTP][39m [90m[39m
[35m[HTTP][39m [37m-->[39m [37mGET[39m [37m/wd/hub/session/dfb7f76c-5523-448e-a25f-cbcdda38dc22/source[39m
[35m[HTTP][39m [90m{}[39m
[35m[W3C (dfb7f76c)][39m Driver proxy active, passing request on via HTTP proxy
[35m[WD Proxy][39m Replacing sessionId 15f4f4d2-7410-4428-9409-cf4fc33a2a50 with dfb7f76c-5523-448e-a25f-cbcdda38dc22
[35m[HTTP][39m [37m<-- GET /wd/hub/session/dfb7f76c-5523-448e-a25f-cbcdda38dc22/source [39m[32m200[39m [90m101 ms - 4363[39m
[35m[HTTP][39m [90m[39m
[35m[HTTP][39m [37m-->[39m [37mGET[39m [37m/wd/hub/session/dfb7f76c-5523-448e-a25f-cbcdda38dc22/screenshot[39m
[35m[HTTP][39m [90m{}[39m
[35m[HTTP][39m [37m<-- GET /wd/hub/session/dfb7f76c-5523-448e-a25f-cbcdda38dc22/screenshot [39m[32m200[39m [90m2720 ms - 259458[39m
[35m[HTTP][39m [90m[39m
[35m[HTTP][39m [37m-->[39m [37mPOST[39m [37m/wd/hub/session/dfb7f76c-5523-448e-a25f-cbcdda38dc22/elements[39m
[35m[HTTP][39m [90m{"using":"id","value":"com.example.mikebanks.bankscorpfinancial:id/btn_add_payee"}[39m
[35m[HTTP][39m [37m<-- POST /wd/hub/session/dfb7f76c-5523-448e-a25f-cbcdda38dc22/elements [39m[32m200[39m [90m37 ms - 139[39m
[35m[HTTP][39m [90m[39m
[35m[HTTP][39m [37m-->[39m [37mGET[39m [37m/wd/hub/session/dfb7f76c-5523-448e-a25f-cbcdda38dc22/window/rect[39m
[35m[HTTP][39m [90m{}[39m
[35m[HTTP][39m [37m<-- GET /wd/hub/session/dfb7f76c-5523-448e-a25f-cbcdda38dc22/window/rect [39m[32m200[39m [90m20 ms - 50[39m
[35m[HTTP][39m [90m[39m
[35m[HTTP][39m [37m-->[39m [37mPOST[39m [37m/wd/hub/session/dfb7f76c-5523-448e-a25f-cbcdda38dc22/elements[39m
[35m[HTTP][39m [90m{"using":"id","value":"com.example.mikebanks.bankscorpfinancial:id/btn_add_payee"}[39m
[35m[HTTP][39m [37m<-- POST /wd/hub/session/dfb7f76c-5523-448e-a25f-cbcdda38dc22/elements [39m[32m200[39m [90m32 ms - 139[39m
[35m[HTTP][39m [90m[39m
[35m[HTTP][39m [37m-->[39m [37mGET[39m [37m/wd/hub/session/dfb7f76c-5523-448e-a25f-cbcdda38dc22/element/e0c4779e-129c-41e9-afc4-88c07ab3c70b/location[39m
[35m[HTTP][39m [90m{}[39m
[35m[W3C (dfb7f76c)][39m Driver proxy active, passing request on via HTTP proxy
[35m[WD Proxy][39m Replacing sessionId 15f4f4d2-7410-4428-9409-cf4fc33a2a50 with dfb7f76c-5523-448e-a25f-cbcdda38dc22
[35m[HTTP][39m [37m<-- GET /wd/hub/session/dfb7f76c-5523-448e-a25f-cbcdda38dc22/element/e0c4779e-129c-41e9-afc4-88c07ab3c70b/location [39m[32m200[39m [90m23 ms - 78[39m
[35m[HTTP][39m [90m[39m
[35m[HTTP][39m [37m-->[39m [37mPOST[39m [37m/wd/hub/session/dfb7f76c-5523-448e-a25f-cbcdda38dc22/touch/perform[39m
[35m[HTTP][39m [90m{"actions":[{"action":"tap","options":{"x":1,"y":1,"element":"e0c4779e-129c-41e9-afc4-88c07ab3c70b"}}]}[39m
[35m[UiAutomator2][39m calling get location: e0c4779e-129c-41e9-afc4-88c07ab3c70b
[35m[HTTP][39m [37m<-- POST /wd/hub/session/dfb7f76c-5523-448e-a25f-cbcdda38dc22/touch/perform [39m[32m200[39m [90m306 ms - 14[39m
[35m[HTTP][39m [90m[39m
[35m[HTTP][39m [37m-->[39m [37mGET[39m [37m/wd/hub/session/dfb7f76c-5523-448e-a25f-cbcdda38dc22/source[39m
[35m[HTTP][39m [90m{}[39m
[35m[W3C (dfb7f76c)][39m Driver proxy active, passing request on via HTTP proxy
[35m[WD Proxy][39m Replacing sessionId 15f4f4d2-7410-4428-9409-cf4fc33a2a50 with dfb7f76c-5523-448e-a25f-cbcdda38dc22
[35m[HTTP][39m [37m<-- GET /wd/hub/session/dfb7f76c-5523-448e-a25f-cbcdda38dc22/source [39m[32m200[39m [90m1042 ms - 13666[39m
[35m[HTTP][39m [90m[39m
[35m[HTTP][39m [37m-->[39m [37mGET[39m [37m/wd/hub/session/dfb7f76c-5523-448e-a25f-cbcdda38dc22/screenshot[39m
[35m[HTTP][39m [90m{}[39m
[35m[HTTP][39m [37m<-- GET /wd/hub/session/dfb7f76c-5523-448e-a25f-cbcdda38dc22/screenshot [39m[32m200[39m [90m1896 ms - 215900[39m
[35m[HTTP][39m [90m[39m
[35m[HTTP][39m [37m-->[39m [37mDELETE[39m [37m/wd/hub/session/dfb7f76c-5523-448e-a25f-cbcdda38dc22[39m
[35m[HTTP][39m [90m{}[39m
[35m[Appium][39m Removing session dfb7f76c-5523-448e-a25f-cbcdda38dc22 from our master session list
